This is pdfTeX, Version 3.14159265-2.6-1.40.20 (TeX Live 2019/Debian) (preloaded format=pdflatex 2021.10.24)  14 NOV 2021 17:26
entering extended mode
 restricted \write18 enabled.
 %&-line parsing enabled.
**sprawozdanie.tex
(./sprawozdanie.tex
LaTeX2e <2020-02-02> patch level 2
L3 programming layer <2020-02-14>
(/usr/share/texlive/texmf-dist/tex/latex/base/report.cls
Document Class: report 2019/12/20 v1.4l Standard LaTeX document class
(/usr/share/texlive/texmf-dist/tex/latex/base/size10.clo
File: size10.clo 2019/12/20 v1.4l Standard LaTeX file (size option)
)
\c@part=\count167
\c@chapter=\count168
\c@section=\count169
\c@subsection=\count170
\c@subsubsection=\count171
\c@paragraph=\count172
\c@subparagraph=\count173
\c@figure=\count174
\c@table=\count175
\abovecaptionskip=\skip47
\belowcaptionskip=\skip48
\bibindent=\dimen134
)
(/usr/share/texlive/texmf-dist/tex/latex/base/inputenc.sty
Package: inputenc 2018/08/11 v1.3c Input encoding file
\inpenc@prehook=\toks14
\inpenc@posthook=\toks15
)
(/usr/share/texlive/texmf-dist/tex/latex/base/fontenc.sty
Package: fontenc 2020/02/11 v2.0o Standard LaTeX package
)
(/usr/share/texlive/texmf-dist/tex/latex/float/float.sty
Package: float 2001/11/08 v1.3d Float enhancements (AL)
\c@float@type=\count176
\float@exts=\toks16
\float@box=\box45
\@float@everytoks=\toks17
\@floatcapt=\box46
)
(/usr/share/texlive/texmf-dist/tex/latex/l3backend/l3backend-pdfmode.def
File: l3backend-pdfmode.def 2020-02-03 L3 backend support: PDF mode
\l__kernel_color_stack_int=\count177
\l__pdf_internal_box=\box47
)

LaTeX Warning: Unused global option(s):
    [14pt].

(./sprawozdanie.aux)
\openout1 = `sprawozdanie.aux'.

LaTeX Font Info:    Checking defaults for OML/cmm/m/it on input line 8.
LaTeX Font Info:    ... okay on input line 8.
LaTeX Font Info:    Checking defaults for OMS/cmsy/m/n on input line 8.
LaTeX Font Info:    ... okay on input line 8.
LaTeX Font Info:    Checking defaults for OT1/cmr/m/n on input line 8.
LaTeX Font Info:    ... okay on input line 8.
LaTeX Font Info:    Checking defaults for T1/cmr/m/n on input line 8.
LaTeX Font Info:    ... okay on input line 8.
LaTeX Font Info:    Checking defaults for TS1/cmr/m/n on input line 8.
LaTeX Font Info:    ... okay on input line 8.
LaTeX Font Info:    Checking defaults for OMX/cmex/m/n on input line 8.
LaTeX Font Info:    ... okay on input line 8.
LaTeX Font Info:    Checking defaults for U/cmr/m/n on input line 8.
LaTeX Font Info:    ... okay on input line 8.
LaTeX Font Info:    External font `cmex10' loaded for size
(Font)              <12> on input line 9.
LaTeX Font Info:    External font `cmex10' loaded for size
(Font)              <8> on input line 9.
LaTeX Font Info:    External font `cmex10' loaded for size
(Font)              <6> on input line 9.
 [1

{/var/lib/texmf/fonts/map/pdftex/updmap/pdftex.map}]
LaTeX Font Info:    External font `cmex10' loaded for size
(Font)              <7> on input line 12.
LaTeX Font Info:    External font `cmex10' loaded for size
(Font)              <5> on input line 12.

Overfull \hbox (4.83124pt too wide) in paragraph at lines 14--19
\T1/cmr/m/n/10 Szybko za-uwa»amy, »e posi-ada-j¡c je-dynie dwa kryp-togramy tak
i sposób rozwi¡zy-
 []

[1]
Overfull \hbox (117.56255pt too wide) in paragraph at lines 26--46
 [][] 
 []


Overfull \hbox (12.98666pt too wide) in paragraph at lines 49--52
\T1/cmr/m/n/10 mo»li-wo±¢ rozkodowa-nia otrzy-manej wiado-mo±ci. Do-datkowo pra
w-dopodobie«stwo
 []

[2]
Overfull \hbox (24.13208pt too wide) in paragraph at lines 53--54
\T1/cmr/m/n/10 Przed-staw-ione wy»ej rozwi¡zanie nie gwaran-tuje otrzy-ma-nia d
okªad-nie od-kodowanego
 []

[3] (./sprawozdanie.aux) ) 
Here is how much of TeX's memory you used:
 706 strings out of 483183
 9437 string characters out of 5966291
 241606 words of memory out of 5000000
 15779 multiletter control sequences out of 15000+600000
 540374 words of font info for 40 fonts, out of 8000000 for 9000
 14 hyphenation exceptions out of 8191
 25i,8n,20p,1204b,186s stack positions out of 5000i,500n,10000p,200000b,80000s
 </home/radikey/.texlive2019/texmf-var/fonts/pk/ljfou
r/jknappen/ec/ecbx1000.600pk> </home/radikey/.texlive2019/texmf-var/fonts/pk/lj
four/jknappen/ec/ecti1000.600pk> </home/radikey/.texlive2019/texmf-var/fonts/pk
/ljfour/jknappen/ec/ecrm1000.600pk> </home/radikey/.texlive2019/texmf-var/fonts
/pk/ljfour/jknappen/ec/ecbx1440.600pk> </home/radikey/.texlive2019/texmf-var/fo
nts/pk/ljfour/jknappen/ec/ecrm1200.600pk> </home/radikey/.texlive2019/texmf-var
/fonts/pk/ljfour/jknappen/ec/ecrm1728.600pk></usr/share/texlive/texmf-dist/font
s/type1/public/amsfonts/cm/cmmi10.pfb></usr/share/texlive/texmf-dist/fonts/type
1/public/amsfonts/cm/cmmi7.pfb></usr/share/texlive/texmf-dist/fonts/type1/publi
c/amsfonts/cm/cmr10.pfb></usr/share/texlive/texmf-dist/fonts/type1/public/amsfo
nts/cm/cmr7.pfb></usr/share/texlive/texmf-dist/fonts/type1/public/amsfonts/cm/c
msy10.pfb>
Output written on sprawozdanie.pdf (4 pages, 115201 bytes).
PDF statistics:
 266 PDF objects out of 1000 (max. 8388607)
 49 compressed objects within 1 object stream
 0 named destinations out of 1000 (max. 500000)
 1 words of extra memory for PDF output out of 10000 (max. 10000000)

